stdout: [master d4a1fda] update
 2 files changed, 0 insertions(+), 0 deletions(-)
 create mode 100644 log/crontab_output_2.log
Branch 'master' set up to track remote branch 'master' from 'origin'.

stderr: To github.com:QiyanWong/project-crafts.git
   5ddb55c..d4a1fda  master -> master

/bin/sh: node: command not found
/bin/sh: node: command not found
/bin/sh: node: command not found
stdout: [master 38e368e] update
 1 file changed, 0 insertions(+), 0 deletions(-)
Branch 'master' set up to track remote branch 'master' from 'origin'.

stderr: To github.com:QiyanWong/project-crafts.git
   5ad658a..38e368e  master -> master

stdout: [master 6dc4880] update
 2 files changed, 7 insertions(+)
Branch 'master' set up to track remote branch 'master' from 'origin'.

stderr: To github.com:QiyanWong/project-crafts.git
   38e368e..6dc4880  master -> master

stdout: [master edbefe8] update
 2 files changed, 7 insertions(+)
Branch 'master' set up to track remote branch 'master' from 'origin'.

stderr: To github.com:QiyanWong/project-crafts.git
   6dc4880..edbefe8  master -> master

stdout: [master 95b785e] update
 2 files changed, 7 insertions(+)
Branch 'master' set up to track remote branch 'master' from 'origin'.

stderr: To github.com:QiyanWong/project-crafts.git
   edbefe8..95b785e  master -> master

stdout: [master 988af5a] update
 2 files changed, 7 insertions(+)
Branch 'master' set up to track remote branch 'master' from 'origin'.

stderr: To github.com:QiyanWong/project-crafts.git
   95b785e..988af5a  master -> master

stdout: [master 761c798] update
 2 files changed, 7 insertions(+)
Branch 'master' set up to track remote branch 'master' from 'origin'.

stderr: To github.com:QiyanWong/project-crafts.git
   988af5a..761c798  master -> master

stdout: [master bb13e03] update
 2 files changed, 7 insertions(+)
Branch 'master' set up to track remote branch 'master' from 'origin'.

stderr: To github.com:QiyanWong/project-crafts.git
   761c798..bb13e03  master -> master

stdout: [master dedfe80] update
 2 files changed, 7 insertions(+)
Branch 'master' set up to track remote branch 'master' from 'origin'.

stderr: To github.com:QiyanWong/project-crafts.git
   bb13e03..dedfe80  master -> master

stdout: [master 0636e76] update
 2 files changed, 7 insertions(+)
Branch 'master' set up to track remote branch 'master' from 'origin'.

stderr: To github.com:QiyanWong/project-crafts.git
   dedfe80..0636e76  master -> master

stdout: [master 92627c6] update
 2 files changed, 7 insertions(+)
Branch 'master' set up to track remote branch 'master' from 'origin'.

stderr: To github.com:QiyanWong/project-crafts.git
   0636e76..92627c6  master -> master

