/bin/sh: node: command not found
/bin/sh: node: command not found
/bin/sh: /Users/qiyanwang/Documents/Javascript/Projects/projecs/run_task.sh: Permission denied
stdout: [master 1a28c96] update
 3 files changed, 6 insertions(+)
 create mode 100644 log/crontab_output.log
 create mode 100644 run_task.sh

stderr: To https://github.com/QiyanWong/project-crafts.git
   ca89052..1a28c96  master -> master

stdout: [master 8d119ba] update
 2 files changed, 8 insertions(+)

stderr: To https://github.com/QiyanWong/project-crafts.git
   1a28c96..8d119ba  master -> master

stdout: [master 0d0c069] update
 2 files changed, 6 insertions(+)

stderr: To https://github.com/QiyanWong/project-crafts.git
   8d119ba..0d0c069  master -> master

stdout: [master d1376b9] update
 2 files changed, 6 insertions(+)

stderr: To https://github.com/QiyanWong/project-crafts.git
   0d0c069..d1376b9  master -> master

stdout: [master 032a30a] update
 2 files changed, 6 insertions(+)

stderr: To https://github.com/QiyanWong/project-crafts.git
   d1376b9..032a30a  master -> master

stdout: [master fedbb35] update
 2 files changed, 6 insertions(+)

stderr: To https://github.com/QiyanWong/project-crafts.git
   032a30a..fedbb35  master -> master

stdout: [master e6fa0fa] update
 2 files changed, 6 insertions(+)

stderr: To https://github.com/QiyanWong/project-crafts.git
   fedbb35..e6fa0fa  master -> master

stdout: [master 0c805ae] update
 1 file changed, 0 insertions(+), 0 deletions(-)

stderr: To https://github.com/QiyanWong/project-crafts.git
   46f4ef9..0c805ae  master -> master

stdout: [master 4ba4128] update
 2 files changed, 6 insertions(+)

stderr: To https://github.com/QiyanWong/project-crafts.git
   0c805ae..4ba4128  master -> master

stdout: [master 444842d] update
 2 files changed, 6 insertions(+)

stderr: To https://github.com/QiyanWong/project-crafts.git
   4ba4128..444842d  master -> master

stdout: [master fd9d6ee] update
 2 files changed, 6 insertions(+)

stderr: To https://github.com/QiyanWong/project-crafts.git
   444842d..fd9d6ee  master -> master

stdout: [master d6614ac] update
 2 files changed, 6 insertions(+)

stderr: To https://github.com/QiyanWong/project-crafts.git
   fd9d6ee..d6614ac  master -> master

stdout: [master 1888f2b] update
 2 files changed, 6 insertions(+)

stderr: To https://github.com/QiyanWong/project-crafts.git
   d6614ac..1888f2b  master -> master

